<?xml version="1.0" encoding="UTF-8"?>
<coverage generated="1613836308881" clover="3.2.0">
  <project timestamp="1613836308881" name="All files">
    <metrics statements="10" coveredstatements="5" conditionals="2" coveredconditionals="0" methods="4" coveredmethods="1" elements="16" coveredelements="6" complexity="0" loc="10" ncloc="10" packages="1" files="1" classes="1"/>
    <file name="Form.js" path="/Users/scottjason/Desktop/repos-2/todos-rtl/src/form/Form.js">
      <metrics statements="10" coveredstatements="5" conditionals="2" coveredconditionals="0" methods="4" coveredmethods="1"/>
      <line num="3" count="1" type="stmt"/>
      <line num="4" count="2" type="stmt"/>
      <line num="11" count="2" type="stmt"/>
      <line num="12" count="0" type="stmt"/>
      <line num="13" count="0" type="stmt"/>
      <line num="14" count="0" type="stmt"/>
      <line num="19" count="2" type="stmt"/>
      <line num="20" count="0" type="cond" truecount="0" falsecount="2"/>
      <line num="21" count="0" type="stmt"/>
      <line num="24" count="2" type="stmt"/>
    </file>
  </project>
</coverage>
