{"/Users/scottjason/Desktop/repos-2/todos-rtl/src/form/Form.js": {"path":"/Users/scottjason/Desktop/repos-2/todos-rtl/src/form/Form.js","statementMap":{"0":{"start":{"line":3,"column":13},"end":{"line":58,"column":1}},"1":{"start":{"line":4,"column":34},"end":{"line":9,"column":4}},"2":{"start":{"line":11,"column":19},"end":{"line":17,"column":3}},"3":{"start":{"line":12,"column":25},"end":{"line":12,"column":40}},"4":{"start":{"line":13,"column":4},"end":{"line":13,"column":49}},"5":{"start":{"line":14,"column":4},"end":{"line":16,"column":7}},"6":{"start":{"line":14,"column":23},"end":{"line":16,"column":5}},"7":{"start":{"line":19,"column":19},"end":{"line":22,"column":3}},"8":{"start":{"line":20,"column":4},"end":{"line":20,"column":27}},"9":{"start":{"line":21,"column":4},"end":{"line":21,"column":25}},"10":{"start":{"line":24,"column":2},"end":{"line":57,"column":3}}},"fnMap":{"0":{"name":"(anonymous_0)","decl":{"start":{"line":3,"column":13},"end":{"line":3,"column":14}},"loc":{"start":{"line":3,"column":19},"end":{"line":58,"column":1}},"line":3},"1":{"name":"(anonymous_1)","decl":{"start":{"line":11,"column":19},"end":{"line":11,"column":20}},"loc":{"start":{"line":11,"column":26},"end":{"line":17,"column":3}},"line":11},"2":{"name":"(anonymous_2)","decl":{"start":{"line":14,"column":16},"end":{"line":14,"column":17}},"loc":{"start":{"line":14,"column":23},"end":{"line":16,"column":5}},"line":14},"3":{"name":"(anonymous_3)","decl":{"start":{"line":19,"column":19},"end":{"line":19,"column":20}},"loc":{"start":{"line":19,"column":26},"end":{"line":22,"column":3}},"line":19}},"branchMap":{"0":{"loc":{"start":{"line":20,"column":4},"end":{"line":20,"column":27}},"type":"binary-expr","locations":[{"start":{"line":20,"column":4},"end":{"line":20,"column":5}},{"start":{"line":20,"column":9},"end":{"line":20,"column":27}}],"line":20}},"s":{"0":1,"1":2,"2":2,"3":0,"4":0,"5":0,"6":0,"7":2,"8":0,"9":0,"10":2},"f":{"0":2,"1":0,"2":0,"3":0},"b":{"0":[0,0]},"_coverageSchema":"1a1c01bbd47fc00a2c39e90264f33305004495a9","hash":"3ee654a021ec24fe7151733a8ffc5aac2db4cdfe"}
}
